<?xml version="1.0" encoding="UTF-8"?>
<!-- Generated by org.testng.reporters.JUnitReportReporter -->
<testsuite skipped="0" hostname="DESKTOP-G5OR1MT" name="com.FaceBookSignUp.Test.CreateFBAccount" tests="1" failures="0" timestamp="2021-12-09T17:09:01 EST" time="17.610" errors="0">
  <testcase name="CreateAcountTest" time="17.610" classname="com.FaceBookSignUp.Test.CreateFBAccount"/>
  <system-out/>
</testsuite> <!-- com.FaceBookSignUp.Test.CreateFBAccount -->
